app/build/outputs/logs/manifest-merger-debug-report.txt
-- Merging decision tree log ---
manifest
ADDED from AndroidManifest.xml:2:1
	package
		ADDED from AndroidManifest.xml:3:3
		INJECTED from AndroidManifest.xml:0:0
		INJECTED from AndroidManifest.xml:0:0
	android:versionName
		ADDED from AndroidManifest.xml:5:3
	android:versionCode
		ADDED from AndroidManifest.xml:4:3
		INJECTED from AndroidManifest.xml:0:0
		INJECTED from AndroidManifest.xml:0:0
	xmlns:android
		ADDED from AndroidManifest.xml:2:11
uses-sdk
ADDED from AndroidManifest.xml:7:3
	android:targetSdkVersion
		ADDED from AndroidManifest.xml:7:39
		INJECTED from AndroidManifest.xml:0:0
		INJECTED from AndroidManifest.xml:0:0
	android:minSdkVersion
		ADDED from AndroidManifest.xml:7:13
		INJECTED from AndroidManifest.xml:0:0
		INJECTED from AndroidManifest.xml:0:0
uses-permission#android.permission.CAMERA
ADDED from AndroidManifest.xml:8:3
	android:name
		ADDED from AndroidManifest.xml:8:20
uses-feature#android.hardware.camera
ADDED from AndroidManifest.xml:9:3
	android:name
		ADDED from AndroidManifest.xml:9:17
application
ADDED from AndroidManifest.xml:11:3
	android:label
		ADDED from AndroidManifest.xml:13:5
	android:icon
		ADDED from AndroidManifest.xml:12:5
	android:largeHeap
		ADDED from AndroidManifest.xml:15:5
	android:theme
		ADDED from AndroidManifest.xml:14:5
activity#com.bignerdranch.android.criminalintent.CrimeListActivity
ADDED from AndroidManifest.xml:16:5
	android:name
		ADDED from AndroidManifest.xml:16:15
intent-filter#android.intent.action.MAIN+android.intent.category.LAUNCHER
ADDED from AndroidManifest.xml:17:7
action#android.intent.action.MAIN
ADDED from AndroidManifest.xml:18:9
	android:name
		ADDED from AndroidManifest.xml:18:17
category#android.intent.category.LAUNCHER
ADDED from AndroidManifest.xml:19:9
	android:name
		ADDED from AndroidManifest.xml:19:19
activity#com.bignerdranch.android.criminalintent.CrimeActivity
ADDED from AndroidManifest.xml:22:5
	android:label
		ADDED from AndroidManifest.xml:24:7
	android:name
		ADDED from AndroidManifest.xml:23:7
meta-data#android.support.PARENT_ACTIVITY
ADDED from AndroidManifest.xml:25:7
	android:value
		ADDED from AndroidManifest.xml:26:9
	android:name
		ADDED from AndroidManifest.xml:25:18
activity#com.bignerdranch.android.criminalintent.CrimePagerActivity
ADDED from AndroidManifest.xml:28:5
	android:label
		ADDED from AndroidManifest.xml:29:7
	android:name
		ADDED from AndroidManifest.xml:28:15
activity#com.bignerdranch.android.criminalintent.CrimeCameraActivity
ADDED from AndroidManifest.xml:34:5
	android:screenOrientation
		ADDED from AndroidManifest.xml:35:7
	android:label
		ADDED from AndroidManifest.xml:36:7
	android:name
		ADDED from AndroidManifest.xml:34:15